2026-04-12 02:35:57,404 [Dashboard] INFO  Starting Swarm Health Monitor on port 8774
2026-04-12 02:36:24,316 [Dashboard] INFO  HTTP Request: GET http://localhost:11434/api/tags "HTTP/1.1 200 OK"
2026-04-12 02:36:24,320 [Dashboard] INFO  HTTP Request: GET http://localhost:6333 "HTTP/1.1 200 OK"
2026-04-12 02:36:24,518 [Dashboard] INFO  HTTP Request: GET http://localhost:5678 "HTTP/1.1 200 OK"
2026-04-12 02:36:24,575 [Dashboard] INFO  HTTP Request: GET http://localhost:8767/health "HTTP/1.0 200 OK"
2026-04-12 02:36:24,576 [Dashboard] INFO  HTTP Request: GET http://localhost:8765/health "HTTP/1.0 404 Not Found"
2026-04-12 02:36:24,577 [Dashboard] INFO  HTTP Request: GET http://localhost:8766/health "HTTP/1.0 200 OK"
2026-04-12 02:36:24,580 [Dashboard] INFO  HTTP Request: GET http://localhost:8772/health "HTTP/1.0 200 OK"
2026-04-12 02:36:24,599 [Dashboard] INFO  HTTP Request: GET http://localhost:8770/health "HTTP/1.0 200 OK"
2026-04-12 02:36:24,606 [Dashboard] INFO  HTTP Request: GET http://localhost:8771/health "HTTP/1.0 200 OK"
2026-04-12 02:36:26,653 [Dashboard] INFO  HTTP Request: GET http://localhost:8768/health "HTTP/1.0 200 OK"
2026-04-12 03:05:16,404 [Dashboard] INFO  HTTP Request: GET http://localhost:11434/api/tags "HTTP/1.1 200 OK"
2026-04-12 03:05:16,405 [Dashboard] INFO  HTTP Request: GET http://localhost:6333 "HTTP/1.1 200 OK"
2026-04-12 03:05:16,441 [Dashboard] INFO  HTTP Request: GET http://localhost:5678 "HTTP/1.1 200 OK"
2026-04-12 03:05:16,668 [Dashboard] INFO  HTTP Request: GET http://localhost:8765/health "HTTP/1.0 404 Not Found"
2026-04-12 03:05:16,669 [Dashboard] INFO  HTTP Request: GET http://localhost:8767/health "HTTP/1.0 200 OK"
2026-04-12 03:05:16,670 [Dashboard] INFO  HTTP Request: GET http://localhost:8772/health "HTTP/1.0 200 OK"
2026-04-12 03:05:16,671 [Dashboard] INFO  HTTP Request: GET http://localhost:8771/health "HTTP/1.0 200 OK"
2026-04-12 03:05:16,673 [Dashboard] INFO  HTTP Request: GET http://localhost:8770/health "HTTP/1.0 200 OK"
2026-04-12 03:05:16,673 [Dashboard] INFO  HTTP Request: GET http://localhost:8766/health "HTTP/1.0 200 OK"
2026-04-12 03:05:17,106 [Dashboard] INFO  HTTP Request: GET http://localhost:8773/health "HTTP/1.1 200 OK"
2026-04-12 03:05:18,753 [Dashboard] INFO  HTTP Request: GET http://localhost:8768/health "HTTP/1.0 200 OK"
2026-04-12 12:08:01,703 [Dashboard] INFO  HTTP Request: GET http://localhost:6333 "HTTP/1.1 200 OK"
2026-04-12 12:08:01,704 [Dashboard] INFO  HTTP Request: GET http://localhost:11434/api/tags "HTTP/1.1 200 OK"
2026-04-12 12:08:01,706 [Dashboard] INFO  HTTP Request: GET http://localhost:5678 "HTTP/1.1 200 OK"
2026-04-12 12:08:01,957 [Dashboard] INFO  HTTP Request: GET http://localhost:8767/health "HTTP/1.0 200 OK"
2026-04-12 12:08:01,958 [Dashboard] INFO  HTTP Request: GET http://localhost:8765/health "HTTP/1.0 404 Not Found"
2026-04-12 12:08:01,960 [Dashboard] INFO  HTTP Request: GET http://localhost:8770/health "HTTP/1.0 200 OK"
2026-04-12 12:08:01,961 [Dashboard] INFO  HTTP Request: GET http://localhost:8771/health "HTTP/1.0 200 OK"
2026-04-12 12:08:01,962 [Dashboard] INFO  HTTP Request: GET http://localhost:8772/health "HTTP/1.0 200 OK"
2026-04-12 12:08:01,963 [Dashboard] INFO  HTTP Request: GET http://localhost:8766/health "HTTP/1.0 200 OK"
2026-04-12 12:08:02,414 [Dashboard] INFO  HTTP Request: GET http://localhost:8773/health "HTTP/1.1 200 OK"
2026-04-12 12:08:04,032 [Dashboard] INFO  HTTP Request: GET http://localhost:8768/health "HTTP/1.0 200 OK"
2026-04-12 13:09:32,729 [Dashboard] INFO  HTTP Request: GET http://localhost:11434/api/tags "HTTP/1.1 200 OK"
2026-04-12 13:09:32,739 [Dashboard] INFO  HTTP Request: GET http://localhost:6333 "HTTP/1.1 200 OK"
2026-04-12 13:09:32,753 [Dashboard] INFO  HTTP Request: GET http://localhost:5678 "HTTP/1.1 200 OK"
2026-04-12 13:09:32,995 [Dashboard] INFO  HTTP Request: GET http://localhost:8765/health "HTTP/1.0 404 Not Found"
2026-04-12 13:09:32,996 [Dashboard] INFO  HTTP Request: GET http://localhost:8767/health "HTTP/1.0 200 OK"
2026-04-12 13:09:32,996 [Dashboard] INFO  HTTP Request: GET http://localhost:8766/health "HTTP/1.0 200 OK"
2026-04-12 13:09:33,017 [Dashboard] INFO  HTTP Request: GET http://localhost:8772/health "HTTP/1.0 200 OK"
2026-04-12 13:09:33,017 [Dashboard] INFO  HTTP Request: GET http://localhost:8770/health "HTTP/1.0 200 OK"
2026-04-12 13:09:33,018 [Dashboard] INFO  HTTP Request: GET http://localhost:8771/health "HTTP/1.0 200 OK"
2026-04-12 13:09:33,478 [Dashboard] INFO  HTTP Request: GET http://localhost:8773/health "HTTP/1.1 200 OK"
2026-04-12 13:09:35,048 [Dashboard] INFO  HTTP Request: GET http://localhost:8768/health "HTTP/1.0 200 OK"
2026-04-12 13:09:43,655 [Dashboard] INFO  HTTP Request: GET http://localhost:11434/api/tags "HTTP/1.1 200 OK"
2026-04-12 13:09:43,656 [Dashboard] INFO  HTTP Request: GET http://localhost:6333 "HTTP/1.1 200 OK"
2026-04-12 13:09:43,663 [Dashboard] INFO  HTTP Request: GET http://localhost:5678 "HTTP/1.1 200 OK"
2026-04-12 13:09:43,919 [Dashboard] INFO  HTTP Request: GET http://localhost:8766/health "HTTP/1.0 200 OK"
2026-04-12 13:09:43,919 [Dashboard] INFO  HTTP Request: GET http://localhost:8765/health "HTTP/1.0 404 Not Found"
2026-04-12 13:09:43,920 [Dashboard] INFO  HTTP Request: GET http://localhost:8767/health "HTTP/1.0 200 OK"
2026-04-12 13:09:43,921 [Dashboard] INFO  HTTP Request: GET http://localhost:8772/health "HTTP/1.0 200 OK"
2026-04-12 13:09:43,922 [Dashboard] INFO  HTTP Request: GET http://localhost:8770/health "HTTP/1.0 200 OK"
2026-04-12 13:09:43,922 [Dashboard] INFO  HTTP Request: GET http://localhost:8771/health "HTTP/1.0 200 OK"
2026-04-12 13:09:44,380 [Dashboard] INFO  HTTP Request: GET http://localhost:8773/health "HTTP/1.1 200 OK"
2026-04-12 13:09:45,978 [Dashboard] INFO  HTTP Request: GET http://localhost:8768/health "HTTP/1.0 200 OK"
2026-04-12 19:28:26,414 [Dashboard] INFO  HTTP Request: GET http://localhost:11434/api/tags "HTTP/1.1 200 OK"
2026-04-12 19:28:26,417 [Dashboard] INFO  HTTP Request: GET http://localhost:6333 "HTTP/1.1 200 OK"
2026-04-12 19:28:26,465 [Dashboard] INFO  HTTP Request: GET http://localhost:5678 "HTTP/1.1 200 OK"
2026-04-12 19:28:26,665 [Dashboard] INFO  HTTP Request: GET http://localhost:8767/health "HTTP/1.0 200 OK"
2026-04-12 19:28:26,666 [Dashboard] INFO  HTTP Request: GET http://localhost:8765/health "HTTP/1.0 404 Not Found"
2026-04-12 19:28:26,667 [Dashboard] INFO  HTTP Request: GET http://localhost:8766/health "HTTP/1.0 200 OK"
2026-04-12 19:28:26,668 [Dashboard] INFO  HTTP Request: GET http://localhost:8772/health "HTTP/1.0 200 OK"
2026-04-12 19:28:26,670 [Dashboard] INFO  HTTP Request: GET http://localhost:8771/health "HTTP/1.0 200 OK"
2026-04-12 19:28:26,670 [Dashboard] INFO  HTTP Request: GET http://localhost:8770/health "HTTP/1.0 200 OK"
2026-04-12 19:28:27,163 [Dashboard] INFO  HTTP Request: GET http://localhost:8773/health "HTTP/1.1 200 OK"
2026-04-12 19:28:28,737 [Dashboard] INFO  HTTP Request: GET http://localhost:8768/health "HTTP/1.0 200 OK"
2026-04-13 16:35:39,442 [Dashboard] INFO  Starting Swarm Health Monitor on port 8774
2026-04-13 16:35:55,764 [Dashboard] INFO  HTTP Request: GET http://localhost:11434/api/tags "HTTP/1.1 200 OK"
2026-04-13 16:35:55,771 [Dashboard] INFO  HTTP Request: GET http://localhost:6333 "HTTP/1.1 200 OK"
2026-04-13 16:35:55,938 [Dashboard] INFO  HTTP Request: GET http://localhost:5678 "HTTP/1.1 200 OK"
2026-04-13 16:35:56,029 [Dashboard] INFO  HTTP Request: GET http://localhost:8765/health "HTTP/1.0 404 Not Found"
2026-04-13 16:35:56,030 [Dashboard] INFO  HTTP Request: GET http://localhost:8766/health "HTTP/1.0 200 OK"
2026-04-13 16:35:56,031 [Dashboard] INFO  HTTP Request: GET http://localhost:8767/health "HTTP/1.0 200 OK"
2026-04-13 16:35:56,034 [Dashboard] INFO  HTTP Request: GET http://localhost:8772/health "HTTP/1.0 200 OK"
2026-04-13 16:35:56,035 [Dashboard] INFO  HTTP Request: GET http://localhost:8771/health "HTTP/1.0 200 OK"
2026-04-13 16:35:56,037 [Dashboard] INFO  HTTP Request: GET http://localhost:8770/health "HTTP/1.0 200 OK"
2026-04-13 16:35:58,104 [Dashboard] INFO  HTTP Request: GET http://localhost:8768/health "HTTP/1.0 200 OK"
2026-04-13 16:36:12,108 [Dashboard] INFO  HTTP Request: GET http://localhost:5678 "HTTP/1.1 200 OK"
2026-04-13 16:36:12,110 [Dashboard] INFO  HTTP Request: GET http://localhost:11434/api/tags "HTTP/1.1 200 OK"
2026-04-13 16:36:12,111 [Dashboard] INFO  HTTP Request: GET http://localhost:6333 "HTTP/1.1 200 OK"
2026-04-13 16:36:12,361 [Dashboard] INFO  HTTP Request: GET http://localhost:8772/health "HTTP/1.0 200 OK"
2026-04-13 16:36:12,363 [Dashboard] INFO  HTTP Request: GET http://localhost:8766/health "HTTP/1.0 200 OK"
2026-04-13 16:36:12,363 [Dashboard] INFO  HTTP Request: GET http://localhost:8767/health "HTTP/1.0 200 OK"
2026-04-13 16:36:12,364 [Dashboard] INFO  HTTP Request: GET http://localhost:8765/health "HTTP/1.0 404 Not Found"
2026-04-13 16:36:12,368 [Dashboard] INFO  HTTP Request: GET http://localhost:8771/health "HTTP/1.0 200 OK"
2026-04-13 16:36:12,369 [Dashboard] INFO  HTTP Request: GET http://localhost:8770/health "HTTP/1.0 200 OK"
2026-04-13 16:36:14,446 [Dashboard] INFO  HTTP Request: GET http://localhost:8768/health "HTTP/1.0 200 OK"
2026-04-13 16:42:33,944 [Dashboard] INFO  HTTP Request: GET http://localhost:11434/api/tags "HTTP/1.1 200 OK"
2026-04-13 16:42:33,946 [Dashboard] INFO  HTTP Request: GET http://localhost:6333 "HTTP/1.1 200 OK"
2026-04-13 16:42:33,949 [Dashboard] INFO  HTTP Request: GET http://localhost:5678 "HTTP/1.1 200 OK"
2026-04-13 16:42:34,206 [Dashboard] INFO  HTTP Request: GET http://localhost:8767/health "HTTP/1.0 200 OK"
2026-04-13 16:42:34,211 [Dashboard] INFO  HTTP Request: GET http://localhost:8765/health "HTTP/1.0 404 Not Found"
2026-04-13 16:42:34,211 [Dashboard] INFO  HTTP Request: GET http://localhost:8766/health "HTTP/1.0 200 OK"
2026-04-13 16:42:34,216 [Dashboard] INFO  HTTP Request: GET http://localhost:8772/health "HTTP/1.0 200 OK"
2026-04-13 16:42:34,218 [Dashboard] INFO  HTTP Request: GET http://localhost:8770/health "HTTP/1.0 200 OK"
2026-04-13 16:42:34,220 [Dashboard] INFO  HTTP Request: GET http://localhost:8771/health "HTTP/1.0 200 OK"
2026-04-13 16:42:36,288 [Dashboard] INFO  HTTP Request: GET http://localhost:8768/health "HTTP/1.0 200 OK"
2026-04-13 19:27:12,106 [Dashboard] INFO  HTTP Request: GET http://localhost:11434/api/tags "HTTP/1.1 200 OK"
2026-04-13 19:27:12,109 [Dashboard] INFO  HTTP Request: GET http://localhost:6333 "HTTP/1.1 200 OK"
2026-04-13 19:27:12,119 [Dashboard] INFO  HTTP Request: GET http://localhost:5678 "HTTP/1.1 200 OK"
2026-04-13 19:27:12,363 [Dashboard] INFO  HTTP Request: GET http://localhost:8767/health "HTTP/1.0 200 OK"
2026-04-13 19:27:12,364 [Dashboard] INFO  HTTP Request: GET http://localhost:8770/health "HTTP/1.0 200 OK"
2026-04-13 19:27:12,365 [Dashboard] INFO  HTTP Request: GET http://localhost:8771/health "HTTP/1.0 200 OK"
2026-04-13 19:27:12,918 [Dashboard] INFO  HTTP Request: GET http://localhost:8773/health "HTTP/1.1 200 OK"
2026-04-13 19:31:47,962 [Dashboard] INFO  Starting Swarm Health Monitor on port 8774
