--- Logging error ---
Traceback (most recent call last):
  File "C:\Python313\Lib\logging\__init__.py", line 1153, in emit
    stream.write(msg + self.terminator)
    ~~~~~~~~~~~~^^^^^^^^^^^^^^^^^^^^^^^
  File "C:\Python313\Lib\encodings\cp1252.py", line 19, in encode
    return codecs.charmap_encode(input,self.errors,encoding_table)[0]
           ~~~~~~~~~~~~~~~~~~~~~^^^^^^^^^^^^^^^^^^^^^^^^^^^^^^^^^^
UnicodeEncodeError: 'charmap' codec can't encode characters in position 40-99: character maps to <undefined>
Call stack:
  File "F:\Projects-cmodi.000\book_writer_ai_toolkit\output\nephilim_chronicles\nemoclaw_daemon.py", line 541, in <module>
    main()
  File "F:\Projects-cmodi.000\book_writer_ai_toolkit\output\nephilim_chronicles\nemoclaw_daemon.py", line 533, in main
    main_loop()
  File "F:\Projects-cmodi.000\book_writer_ai_toolkit\output\nephilim_chronicles\nemoclaw_daemon.py", line 456, in main_loop
    logger.info("\u2550" * 60)
Message: '\u2550\u2550\u2550\u2550\u2550\u2550\u2550\u2550\u2550\u2550\u2550\u2550\u2550\u2550\u2550\u2550\u2550\u2550\u2550\u2550\u2550\u2550\u2550\u2550\u2550\u2550\u2550\u2550\u2550\u2550\u2550\u2550\u2550\u2550\u2550\u2550\u2550\u2550\u2550\u2550\u2550\u2550\u2550\u2550\u2550\u2550\u2550\u2550\u2550\u2550\u2550\u2550\u2550\u2550\u2550\u2550\u2550\u2550\u2550\u2550'
Arguments: ()
--- Logging error ---
Traceback (most recent call last):
  File "C:\Python313\Lib\logging\__init__.py", line 1153, in emit
    stream.write(msg + self.terminator)
    ~~~~~~~~~~~~^^^^^^^^^^^^^^^^^^^^^^^
  File "C:\Python313\Lib\encodings\cp1252.py", line 19, in encode
    return codecs.charmap_encode(input,self.errors,encoding_table)[0]
           ~~~~~~~~~~~~~~~~~~~~~^^^^^^^^^^^^^^^^^^^^^^^^^^^^^^^^^^
UnicodeEncodeError: 'charmap' codec can't encode characters in position 40-99: character maps to <undefined>
Call stack:
  File "F:\Projects-cmodi.000\book_writer_ai_toolkit\output\nephilim_chronicles\nemoclaw_daemon.py", line 541, in <module>
    main()
  File "F:\Projects-cmodi.000\book_writer_ai_toolkit\output\nephilim_chronicles\nemoclaw_daemon.py", line 533, in main
    main_loop()
  File "F:\Projects-cmodi.000\book_writer_ai_toolkit\output\nephilim_chronicles\nemoclaw_daemon.py", line 459, in main_loop
    logger.info("\u2550" * 60)
Message: '\u2550\u2550\u2550\u2550\u2550\u2550\u2550\u2550\u2550\u2550\u2550\u2550\u2550\u2550\u2550\u2550\u2550\u2550\u2550\u2550\u2550\u2550\u2550\u2550\u2550\u2550\u2550\u2550\u2550\u2550\u2550\u2550\u2550\u2550\u2550\u2550\u2550\u2550\u2550\u2550\u2550\u2550\u2550\u2550\u2550\u2550\u2550\u2550\u2550\u2550\u2550\u2550\u2550\u2550\u2550\u2550\u2550\u2550\u2550\u2550'
Arguments: ()
