
════════════════════════════════════════════════════════════
  STORY PROTOTYPE SERVICE — The Nephilim Chronicles v2.0
  Listening on http://localhost:8767
  Endpoints:
    POST /extract-triples      — extract from chapter text
    POST /upsert-triples       — store role triples
    POST /upsert-events        — store plot events
    GET  /foreshadow-brief     — get narrative seeds
    GET  /check-contradictions — validate against canon
    POST /persona-arc-delta    — track character state deltas
    GET  /health               — service health
════════════════════════════════════════════════════════════

  [20:57:38] /health — "GET /health HTTP/1.1" 200 -
  [20:57:58] /health — "GET /health HTTP/1.1" 200 -
  [21:03:03] /health — "GET /health HTTP/1.1" 200 -
  [21:08:08] /health — "GET /health HTTP/1.1" 200 -
  [21:13:13] /health — "GET /health HTTP/1.1" 200 -
  [21:18:17] /health — "GET /health HTTP/1.1" 200 -
  [21:23:22] /health — "GET /health HTTP/1.1" 200 -
  [21:28:26] /health — "GET /health HTTP/1.1" 200 -
  [21:33:31] /health — "GET /health HTTP/1.1" 200 -
  [15:33:35] /health — "GET /health HTTP/1.1" 200 -
  [15:38:39] /health — "GET /health HTTP/1.1" 200 -
  [15:43:44] /health — "GET /health HTTP/1.1" 200 -
  [15:48:48] /health — "GET /health HTTP/1.1" 200 -
  [15:53:53] /health — "GET /health HTTP/1.1" 200 -
  [15:58:57] /health — "GET /health HTTP/1.1" 200 -
  [16:04:02] /health — "GET /health HTTP/1.1" 200 -
  [16:09:06] /health — "GET /health HTTP/1.1" 200 -
  [16:14:11] /health — "GET /health HTTP/1.1" 200 -
  [16:19:15] /health — "GET /health HTTP/1.1" 200 -
  [16:24:20] /health — "GET /health HTTP/1.1" 200 -
  [16:29:24] /health — "GET /health HTTP/1.1" 200 -
  [16:34:29] /health — "GET /health HTTP/1.1" 200 -
  [16:39:33] /health — "GET /health HTTP/1.1" 200 -
  [16:44:38] /health — "GET /health HTTP/1.1" 200 -
  [16:49:42] /health — "GET /health HTTP/1.1" 200 -
  [16:54:47] /health — "GET /health HTTP/1.1" 200 -
  [16:59:51] /health — "GET /health HTTP/1.1" 200 -
  [17:04:55] /health — "GET /health HTTP/1.1" 200 -
  [17:10:00] /health — "GET /health HTTP/1.1" 200 -
  [17:15:04] /health — "GET /health HTTP/1.1" 200 -
  [17:20:09] /health — "GET /health HTTP/1.1" 200 -
  [17:25:13] /health — "GET /health HTTP/1.1" 200 -
  [17:30:18] /health — "GET /health HTTP/1.1" 200 -
  [17:35:22] /health — "GET /health HTTP/1.1" 200 -
  [17:40:27] /health — "GET /health HTTP/1.1" 200 -
  [17:45:31] /health — "GET /health HTTP/1.1" 200 -
  [17:50:36] /health — "GET /health HTTP/1.1" 200 -
  [17:55:40] /health — "GET /health HTTP/1.1" 200 -
  [18:00:44] /health — "GET /health HTTP/1.1" 200 -
  [18:05:49] /health — "GET /health HTTP/1.1" 200 -
  [18:10:53] /health — "GET /health HTTP/1.1" 200 -
  [18:15:58] /health — "GET /health HTTP/1.1" 200 -
  [18:21:01] /health — "GET /health HTTP/1.1" 200 -
  [18:26:04] /health — "GET /health HTTP/1.1" 200 -
  [18:31:11] /health — "GET /health HTTP/1.1" 200 -
  [18:36:16] /health — "GET /health HTTP/1.1" 200 -
  [18:41:20] /health — "GET /health HTTP/1.1" 200 -
  [18:46:24] /health — "GET /health HTTP/1.1" 200 -
  [18:51:29] /health — "GET /health HTTP/1.1" 200 -
  [18:56:33] /health — "GET /health HTTP/1.1" 200 -
  [19:01:38] /health — "GET /health HTTP/1.1" 200 -
  [19:06:42] /health — "GET /health HTTP/1.1" 200 -
  [19:11:47] /health — "GET /health HTTP/1.1" 200 -
  [19:16:51] /health — "GET /health HTTP/1.1" 200 -
  [19:21:55] /health — "GET /health HTTP/1.1" 200 -
  [19:27:00] /health — "GET /health HTTP/1.1" 200 -
  [19:32:04] /health — "GET /health HTTP/1.1" 200 -
  [19:37:09] /health — "GET /health HTTP/1.1" 200 -
  [19:42:13] /health — "GET /health HTTP/1.1" 200 -
  [19:47:18] /health — "GET /health HTTP/1.1" 200 -
  [19:52:22] /health — "GET /health HTTP/1.1" 200 -
  [19:57:27] /health — "GET /health HTTP/1.1" 200 -
  [20:02:31] /health — "GET /health HTTP/1.1" 200 -
  [20:07:35] /health — "GET /health HTTP/1.1" 200 -
  [20:12:40] /health — "GET /health HTTP/1.1" 200 -
  [20:17:44] /health — "GET /health HTTP/1.1" 200 -
  [20:22:49] /health — "GET /health HTTP/1.1" 200 -
  [20:27:53] /health — "GET /health HTTP/1.1" 200 -
  [20:32:58] /health — "GET /health HTTP/1.1" 200 -
  [20:38:02] /health — "GET /health HTTP/1.1" 200 -
  [20:43:06] /health — "GET /health HTTP/1.1" 200 -
  [20:48:11] /health — "GET /health HTTP/1.1" 200 -
  [20:53:15] /health — "GET /health HTTP/1.1" 200 -
  [20:58:20] /health — "GET /health HTTP/1.1" 200 -
  [21:03:24] /health — "GET /health HTTP/1.1" 200 -
  [21:08:29] /health — "GET /health HTTP/1.1" 200 -
  [21:13:33] /health — "GET /health HTTP/1.1" 200 -
  [21:18:37] /health — "GET /health HTTP/1.1" 200 -
  [21:23:42] /health — "GET /health HTTP/1.1" 200 -
  [21:28:46] /health — "GET /health HTTP/1.1" 200 -
  [21:33:51] /health — "GET /health HTTP/1.1" 200 -
  [21:38:55] /health — "GET /health HTTP/1.1" 200 -
  [21:43:59] /health — "GET /health HTTP/1.1" 200 -
  [21:49:04] /health — "GET /health HTTP/1.1" 200 -
  [21:54:08] /health — "GET /health HTTP/1.1" 200 -
  [21:59:13] /health — "GET /health HTTP/1.1" 200 -
  [22:04:17] /health — "GET /health HTTP/1.1" 200 -
  [22:09:22] /health — "GET /health HTTP/1.1" 200 -
  [22:14:26] /health — "GET /health HTTP/1.1" 200 -
  [22:19:30] /health — "GET /health HTTP/1.1" 200 -
  [22:24:35] /health — "GET /health HTTP/1.1" 200 -
  [22:29:39] /health — "GET /health HTTP/1.1" 200 -
  [22:34:44] /health — "GET /health HTTP/1.1" 200 -
  [22:39:48] /health — "GET /health HTTP/1.1" 200 -
  [22:44:52] /health — "GET /health HTTP/1.1" 200 -
  [22:49:57] /health — "GET /health HTTP/1.1" 200 -
  [22:55:01] /health — "GET /health HTTP/1.1" 200 -
  [23:00:05] /health — "GET /health HTTP/1.1" 200 -
  [23:05:10] /health — "GET /health HTTP/1.1" 200 -
  [23:10:14] /health — "GET /health HTTP/1.1" 200 -
  [23:15:19] /health — "GET /health HTTP/1.1" 200 -
  [23:20:23] /health — "GET /health HTTP/1.1" 200 -
  [23:25:28] /health — "GET /health HTTP/1.1" 200 -
  [23:30:32] /health — "GET /health HTTP/1.1" 200 -
  [23:35:36] /health — "GET /health HTTP/1.1" 200 -
  [23:40:41] /health — "GET /health HTTP/1.1" 200 -
  [23:45:45] /health — "GET /health HTTP/1.1" 200 -
  [23:50:49] /health — "GET /health HTTP/1.1" 200 -
  [23:55:54] /health — "GET /health HTTP/1.1" 200 -
  [00:00:58] /health — "GET /health HTTP/1.1" 200 -
  [00:06:03] /health — "GET /health HTTP/1.1" 200 -
  [00:11:07] /health — "GET /health HTTP/1.1" 200 -
  [00:16:12] /health — "GET /health HTTP/1.1" 200 -
  [00:21:16] /health — "GET /health HTTP/1.1" 200 -
  [00:26:20] /health — "GET /health HTTP/1.1" 200 -
  [00:31:25] /health — "GET /health HTTP/1.1" 200 -
  [00:36:29] /health — "GET /health HTTP/1.1" 200 -
  [00:41:32] /health — "GET /health HTTP/1.1" 200 -
  [00:46:40] /health — "GET /health HTTP/1.1" 200 -
  [00:51:44] /health — "GET /health HTTP/1.1" 200 -
  [00:56:49] /health — "GET /health HTTP/1.1" 200 -
  [01:01:53] /health — "GET /health HTTP/1.1" 200 -
  [01:06:58] /health — "GET /health HTTP/1.1" 200 -
  [01:12:02] /health — "GET /health HTTP/1.1" 200 -
  [01:17:07] /health — "GET /health HTTP/1.1" 200 -
  [01:22:11] /health — "GET /health HTTP/1.1" 200 -
  [01:27:18] /health — "GET /health HTTP/1.1" 200 -
  [01:32:22] /health — "GET /health HTTP/1.1" 200 -
  [01:37:26] /health — "GET /health HTTP/1.1" 200 -
  [01:42:31] /health — "GET /health HTTP/1.1" 200 -
  [01:47:35] /health — "GET /health HTTP/1.1" 200 -
  [01:52:40] /health — "GET /health HTTP/1.1" 200 -
  [01:57:44] /health — "GET /health HTTP/1.1" 200 -
  [02:02:49] /health — "GET /health HTTP/1.1" 200 -
  [02:07:53] /health — "GET /health HTTP/1.1" 200 -
  [02:12:57] /health — "GET /health HTTP/1.1" 200 -
  [02:18:02] /health — "GET /health HTTP/1.1" 200 -
  [02:23:06] /health — "GET /health HTTP/1.1" 200 -
  [02:28:11] /health — "GET /health HTTP/1.1" 200 -
  [02:33:15] /health — "GET /health HTTP/1.1" 200 -
  [02:38:19] /health — "GET /health HTTP/1.1" 200 -
  [02:43:24] /health — "GET /health HTTP/1.1" 200 -
  [02:48:28] /health — "GET /health HTTP/1.1" 200 -
  [02:53:33] /health — "GET /health HTTP/1.1" 200 -
  [02:58:37] /health — "GET /health HTTP/1.1" 200 -
  [03:03:41] /health — "GET /health HTTP/1.1" 200 -
  [03:08:46] /health — "GET /health HTTP/1.1" 200 -
  [03:13:50] /health — "GET /health HTTP/1.1" 200 -
  [03:18:54] /health — "GET /health HTTP/1.1" 200 -
  [03:23:59] /health — "GET /health HTTP/1.1" 200 -
  [03:29:03] /health — "GET /health HTTP/1.1" 200 -
  [03:34:08] /health — "GET /health HTTP/1.1" 200 -
  [03:39:12] /health — "GET /health HTTP/1.1" 200 -
  [03:44:16] /health — "GET /health HTTP/1.1" 200 -
  [03:49:21] /health — "GET /health HTTP/1.1" 200 -
  [03:54:25] /health — "GET /health HTTP/1.1" 200 -
  [03:59:29] /health — "GET /health HTTP/1.1" 200 -
  [04:04:34] /health — "GET /health HTTP/1.1" 200 -
  [04:09:38] /health — "GET /health HTTP/1.1" 200 -
  [04:14:43] /health — "GET /health HTTP/1.1" 200 -
  [04:19:47] /health — "GET /health HTTP/1.1" 200 -
  [04:24:52] /health — "GET /health HTTP/1.1" 200 -
  [04:29:56] /health — "GET /health HTTP/1.1" 200 -
  [04:35:00] /health — "GET /health HTTP/1.1" 200 -
  [04:40:05] /health — "GET /health HTTP/1.1" 200 -
  [04:45:09] /health — "GET /health HTTP/1.1" 200 -
  [04:50:14] /health — "GET /health HTTP/1.1" 200 -
  [04:55:18] /health — "GET /health HTTP/1.1" 200 -
  [05:00:22] /health — "GET /health HTTP/1.1" 200 -
  [05:05:27] /health — "GET /health HTTP/1.1" 200 -
  [05:10:31] /health — "GET /health HTTP/1.1" 200 -
  [05:15:35] /health — "GET /health HTTP/1.1" 200 -
  [05:20:40] /health — "GET /health HTTP/1.1" 200 -
  [05:25:44] /health — "GET /health HTTP/1.1" 200 -
  [05:30:49] /health — "GET /health HTTP/1.1" 200 -
  [05:35:53] /health — "GET /health HTTP/1.1" 200 -
  [05:40:58] /health — "GET /health HTTP/1.1" 200 -
  [05:46:02] /health — "GET /health HTTP/1.1" 200 -
  [05:51:06] /health — "GET /health HTTP/1.1" 200 -
  [05:56:11] /health — "GET /health HTTP/1.1" 200 -
  [06:01:15] /health — "GET /health HTTP/1.1" 200 -
  [06:06:20] /health — "GET /health HTTP/1.1" 200 -
  [06:11:24] /health — "GET /health HTTP/1.1" 200 -
  [06:16:28] /health — "GET /health HTTP/1.1" 200 -
  [06:21:33] /health — "GET /health HTTP/1.1" 200 -
  [06:26:37] /health — "GET /health HTTP/1.1" 200 -
  [06:31:42] /health — "GET /health HTTP/1.1" 200 -
  [06:36:46] /health — "GET /health HTTP/1.1" 200 -
  [06:41:50] /health — "GET /health HTTP/1.1" 200 -
  [06:46:55] /health — "GET /health HTTP/1.1" 200 -
  [06:51:59] /health — "GET /health HTTP/1.1" 200 -
  [06:57:04] /health — "GET /health HTTP/1.1" 200 -
  [07:02:08] /health — "GET /health HTTP/1.1" 200 -
  [07:07:12] /health — "GET /health HTTP/1.1" 200 -
  [07:12:17] /health — "GET /health HTTP/1.1" 200 -
  [07:17:21] /health — "GET /health HTTP/1.1" 200 -
  [07:22:26] /health — "GET /health HTTP/1.1" 200 -
  [07:27:30] /health — "GET /health HTTP/1.1" 200 -
  [07:32:34] /health — "GET /health HTTP/1.1" 200 -
  [07:37:39] /health — "GET /health HTTP/1.1" 200 -
  [07:42:43] /health — "GET /health HTTP/1.1" 200 -
  [07:47:48] /health — "GET /health HTTP/1.1" 200 -
  [07:52:52] /health — "GET /health HTTP/1.1" 200 -
  [07:57:56] /health — "GET /health HTTP/1.1" 200 -
  [08:03:01] /health — "GET /health HTTP/1.1" 200 -
  [08:08:05] /health — "GET /health HTTP/1.1" 200 -
  [08:13:10] /health — "GET /health HTTP/1.1" 200 -
  [08:18:14] /health — "GET /health HTTP/1.1" 200 -
  [08:23:19] /health — "GET /health HTTP/1.1" 200 -
  [08:28:23] /health — "GET /health HTTP/1.1" 200 -
  [08:33:27] /health — "GET /health HTTP/1.1" 200 -
  [08:38:32] /health — "GET /health HTTP/1.1" 200 -
  [08:43:36] /health — "GET /health HTTP/1.1" 200 -
  [08:48:41] /health — "GET /health HTTP/1.1" 200 -
  [08:53:45] /health — "GET /health HTTP/1.1" 200 -
  [08:58:49] /health — "GET /health HTTP/1.1" 200 -
  [09:03:54] /health — "GET /health HTTP/1.1" 200 -
  [09:08:58] /health — "GET /health HTTP/1.1" 200 -
  [09:14:02] /health — "GET /health HTTP/1.1" 200 -
  [09:19:07] /health — "GET /health HTTP/1.1" 200 -
  [09:24:11] /health — "GET /health HTTP/1.1" 200 -
  [09:29:16] /health — "GET /health HTTP/1.1" 200 -
  [09:34:20] /health — "GET /health HTTP/1.1" 200 -
  [09:39:24] /health — "GET /health HTTP/1.1" 200 -
  [09:44:29] /health — "GET /health HTTP/1.1" 200 -
  [09:49:33] /health — "GET /health HTTP/1.1" 200 -
  [09:54:38] /health — "GET /health HTTP/1.1" 200 -
  [09:59:42] /health — "GET /health HTTP/1.1" 200 -
  [10:04:47] /health — "GET /health HTTP/1.1" 200 -
  [10:09:51] /health — "GET /health HTTP/1.1" 200 -
  [10:14:55] /health — "GET /health HTTP/1.1" 200 -
  [10:20:00] /health — "GET /health HTTP/1.1" 200 -
  [10:25:04] /health — "GET /health HTTP/1.1" 200 -
  [10:30:09] /health — "GET /health HTTP/1.1" 200 -
  [10:35:13] /health — "GET /health HTTP/1.1" 200 -
  [10:40:17] /health — "GET /health HTTP/1.1" 200 -
  [10:45:22] /health — "GET /health HTTP/1.1" 200 -
  [10:50:26] /health — "GET /health HTTP/1.1" 200 -
  [10:55:30] /health — "GET /health HTTP/1.1" 200 -
  [11:00:35] /health — "GET /health HTTP/1.1" 200 -
  [11:05:39] /health — "GET /health HTTP/1.1" 200 -
  [11:10:44] /health — "GET /health HTTP/1.1" 200 -
  [11:15:48] /health — "GET /health HTTP/1.1" 200 -
  [11:20:53] /health — "GET /health HTTP/1.1" 200 -
  [11:25:57] /health — "GET /health HTTP/1.1" 200 -
  [11:31:01] /health — "GET /health HTTP/1.1" 200 -
  [11:36:06] /health — "GET /health HTTP/1.1" 200 -
  [11:41:10] /health — "GET /health HTTP/1.1" 200 -
  [11:46:15] /health — "GET /health HTTP/1.1" 200 -
  [11:51:19] /health — "GET /health HTTP/1.1" 200 -
  [11:56:23] /health — "GET /health HTTP/1.1" 200 -
  [12:01:28] /health — "GET /health HTTP/1.1" 200 -
  [12:06:32] /health — "GET /health HTTP/1.1" 200 -
  [12:11:37] /health — "GET /health HTTP/1.1" 200 -
  [12:16:41] /health — "GET /health HTTP/1.1" 200 -
  [12:21:45] /health — "GET /health HTTP/1.1" 200 -
  [12:26:50] /health — "GET /health HTTP/1.1" 200 -
  [12:31:54] /health — "GET /health HTTP/1.1" 200 -
  [12:36:58] /health — "GET /health HTTP/1.1" 200 -
  [12:42:03] /health — "GET /health HTTP/1.1" 200 -
  [12:47:07] /health — "GET /health HTTP/1.1" 200 -
  [12:52:12] /health — "GET /health HTTP/1.1" 200 -
  [12:57:16] /health — "GET /health HTTP/1.1" 200 -
  [13:02:20] /health — "GET /health HTTP/1.1" 200 -
  [13:07:25] /health — "GET /health HTTP/1.1" 200 -
  [13:12:29] /health — "GET /health HTTP/1.1" 200 -
  [13:17:34] /health — "GET /health HTTP/1.1" 200 -
  [13:22:38] /health — "GET /health HTTP/1.1" 200 -
  [13:27:43] /health — "GET /health HTTP/1.1" 200 -
  [13:32:47] /health — "GET /health HTTP/1.1" 200 -
  [13:37:51] /health — "GET /health HTTP/1.1" 200 -
  [13:42:56] /health — "GET /health HTTP/1.1" 200 -
  [13:48:00] /health — "GET /health HTTP/1.1" 200 -
  [13:53:05] /health — "GET /health HTTP/1.1" 200 -
  [13:58:09] /health — "GET /health HTTP/1.1" 200 -
  [14:03:13] /health — "GET /health HTTP/1.1" 200 -
  [14:08:18] /health — "GET /health HTTP/1.1" 200 -
  [14:13:22] /health — "GET /health HTTP/1.1" 200 -
  [14:18:27] /health — "GET /health HTTP/1.1" 200 -
  [14:23:31] /health — "GET /health HTTP/1.1" 200 -
  [14:28:35] /health — "GET /health HTTP/1.1" 200 -
  [14:33:40] /health — "GET /health HTTP/1.1" 200 -
  [14:38:44] /health — "GET /health HTTP/1.1" 200 -
  [14:43:49] /health — "GET /health HTTP/1.1" 200 -
  [14:48:53] /health — "GET /health HTTP/1.1" 200 -
  [14:53:57] /health — "GET /health HTTP/1.1" 200 -
  [14:59:02] /health — "GET /health HTTP/1.1" 200 -
  [15:04:06] /health — "GET /health HTTP/1.1" 200 -
  [15:09:10] /health — "GET /health HTTP/1.1" 200 -
  [15:14:15] /health — "GET /health HTTP/1.1" 200 -
  [15:19:19] /health — "GET /health HTTP/1.1" 200 -
  [15:24:24] /health — "GET /health HTTP/1.1" 200 -
  [15:29:28] /health — "GET /health HTTP/1.1" 200 -
  [15:34:32] /health — "GET /health HTTP/1.1" 200 -
  [15:39:37] /health — "GET /health HTTP/1.1" 200 -
  [15:44:41] /health — "GET /health HTTP/1.1" 200 -
  [15:49:45] /health — "GET /health HTTP/1.1" 200 -
  [15:54:50] /health — "GET /health HTTP/1.1" 200 -
  [15:59:54] /health — "GET /health HTTP/1.1" 200 -
  [16:04:58] /health — "GET /health HTTP/1.1" 200 -
  [16:10:03] /health — "GET /health HTTP/1.1" 200 -
  [16:15:07] /health — "GET /health HTTP/1.1" 200 -
  [16:20:12] /health — "GET /health HTTP/1.1" 200 -
  [16:25:16] /health — "GET /health HTTP/1.1" 200 -
  [16:30:20] /health — "GET /health HTTP/1.1" 200 -
  [16:35:25] /health — "GET /health HTTP/1.1" 200 -
  [16:40:29] /health — "GET /health HTTP/1.1" 200 -
  [16:45:33] /health — "GET /health HTTP/1.1" 200 -
  [16:50:38] /health — "GET /health HTTP/1.1" 200 -
  [16:55:42] /health — "GET /health HTTP/1.1" 200 -
  [17:00:46] /health — "GET /health HTTP/1.1" 200 -
  [17:05:51] /health — "GET /health HTTP/1.1" 200 -
  [17:10:55] /health — "GET /health HTTP/1.1" 200 -
  [17:16:00] /health — "GET /health HTTP/1.1" 200 -
  [17:21:04] /health — "GET /health HTTP/1.1" 200 -
  [17:26:08] /health — "GET /health HTTP/1.1" 200 -
  [17:31:13] /health — "GET /health HTTP/1.1" 200 -
  [17:36:17] /health — "GET /health HTTP/1.1" 200 -
  [17:41:21] /health — "GET /health HTTP/1.1" 200 -
  [17:46:26] /health — "GET /health HTTP/1.1" 200 -
  [17:51:30] /health — "GET /health HTTP/1.1" 200 -
  [17:56:34] /health — "GET /health HTTP/1.1" 200 -
  [18:01:39] /health — "GET /health HTTP/1.1" 200 -
  [18:06:43] /health — "GET /health HTTP/1.1" 200 -
  [18:11:47] /health — "GET /health HTTP/1.1" 200 -
  [18:16:52] /health — "GET /health HTTP/1.1" 200 -
  [18:21:56] /health — "GET /health HTTP/1.1" 200 -
  [18:27:01] /health — "GET /health HTTP/1.1" 200 -
  [18:32:05] /health — "GET /health HTTP/1.1" 200 -
  [18:37:09] /health — "GET /health HTTP/1.1" 200 -
  [18:42:14] /health — "GET /health HTTP/1.1" 200 -
  [18:47:18] /health — "GET /health HTTP/1.1" 200 -
  [18:52:22] /health — "GET /health HTTP/1.1" 200 -
  [18:57:26] /health — "GET /health HTTP/1.1" 200 -
  [19:02:31] /health — "GET /health HTTP/1.1" 200 -
  [19:07:35] /health — "GET /health HTTP/1.1" 200 -
  [19:12:40] /health — "GET /health HTTP/1.1" 200 -
  [19:17:44] /health — "GET /health HTTP/1.1" 200 -
  [19:22:48] /health — "GET /health HTTP/1.1" 200 -
  [19:27:53] /health — "GET /health HTTP/1.1" 200 -
  [19:32:57] /health — "GET /health HTTP/1.1" 200 -
  [19:38:01] /health — "GET /health HTTP/1.1" 200 -
  [19:43:06] /health — "GET /health HTTP/1.1" 200 -
  [19:48:10] /health — "GET /health HTTP/1.1" 200 -
  [19:53:14] /health — "GET /health HTTP/1.1" 200 -
  [19:58:19] /health — "GET /health HTTP/1.1" 200 -
  [20:03:23] /health — "GET /health HTTP/1.1" 200 -
  [20:08:27] /health — "GET /health HTTP/1.1" 200 -
  [20:13:32] /health — "GET /health HTTP/1.1" 200 -
  [20:18:36] /health — "GET /health HTTP/1.1" 200 -
  [20:23:40] /health — "GET /health HTTP/1.1" 200 -
  [20:28:45] /health — "GET /health HTTP/1.1" 200 -
  [20:33:49] /health — "GET /health HTTP/1.1" 200 -
  [20:38:53] /health — "GET /health HTTP/1.1" 200 -
  [20:43:58] /health — "GET /health HTTP/1.1" 200 -
  [20:49:02] /health — "GET /health HTTP/1.1" 200 -
  [20:54:06] /health — "GET /health HTTP/1.1" 200 -
  [20:59:11] /health — "GET /health HTTP/1.1" 200 -
  [21:04:15] /health — "GET /health HTTP/1.1" 200 -
  [21:09:20] /health — "GET /health HTTP/1.1" 200 -
  [21:14:28] /health — "GET /health HTTP/1.1" 200 -
  [21:19:33] /health — "GET /health HTTP/1.1" 200 -
  [21:24:37] /health — "GET /health HTTP/1.1" 200 -
  [21:29:41] /health — "GET /health HTTP/1.1" 200 -
  [21:34:46] /health — "GET /health HTTP/1.1" 200 -
  [21:39:50] /health — "GET /health HTTP/1.1" 200 -
  [21:44:55] /health — "GET /health HTTP/1.1" 200 -
  [21:49:59] /health — "GET /health HTTP/1.1" 200 -
  [21:55:03] /health — "GET /health HTTP/1.1" 200 -
  [22:00:08] /health — "GET /health HTTP/1.1" 200 -
  [22:05:12] /health — "GET /health HTTP/1.1" 200 -
  [22:10:16] /health — "GET /health HTTP/1.1" 200 -
  [22:15:25] /health — "GET /health HTTP/1.1" 200 -
  [22:20:29] /health — "GET /health HTTP/1.1" 200 -
  [22:25:33] /health — "GET /health HTTP/1.1" 200 -
  [22:30:41] /health — "GET /health HTTP/1.1" 200 -
  [22:35:48] /health — "GET /health HTTP/1.1" 200 -
  [22:40:52] /health — "GET /health HTTP/1.1" 200 -
  [22:45:56] /health — "GET /health HTTP/1.1" 200 -
  [22:51:04] /health — "GET /health HTTP/1.1" 200 -
  [22:56:08] /health — "GET /health HTTP/1.1" 200 -
  [23:01:13] /health — "GET /health HTTP/1.1" 200 -
  [23:06:17] /health — "GET /health HTTP/1.1" 200 -
  [23:11:21] /health — "GET /health HTTP/1.1" 200 -
  [23:16:26] /health — "GET /health HTTP/1.1" 200 -
  [23:21:30] /health — "GET /health HTTP/1.1" 200 -
  [23:26:34] /health — "GET /health HTTP/1.1" 200 -
  [23:31:39] /health — "GET /health HTTP/1.1" 200 -
  [23:36:43] /health — "GET /health HTTP/1.1" 200 -
  [23:41:48] /health — "GET /health HTTP/1.1" 200 -
  [23:46:52] /health — "GET /health HTTP/1.1" 200 -
  [23:51:56] /health — "GET /health HTTP/1.1" 200 -
  [23:57:01] /health — "GET /health HTTP/1.1" 200 -
  [00:02:05] /health — "GET /health HTTP/1.1" 200 -
  [00:07:11] /health — "GET /health HTTP/1.1" 200 -
  [00:12:16] /health — "GET /health HTTP/1.1" 200 -
  [00:17:20] /health — "GET /health HTTP/1.1" 200 -
  [00:22:25] /health — "GET /health HTTP/1.1" 200 -
  [00:27:29] /health — "GET /health HTTP/1.1" 200 -
  [00:32:33] /health — "GET /health HTTP/1.1" 200 -
  [00:37:38] /health — "GET /health HTTP/1.1" 200 -
  [00:42:42] /health — "GET /health HTTP/1.1" 200 -
  [00:47:46] /health — "GET /health HTTP/1.1" 200 -
  [00:52:51] /health — "GET /health HTTP/1.1" 200 -
  [00:57:55] /health — "GET /health HTTP/1.1" 200 -
  [01:02:59] /health — "GET /health HTTP/1.1" 200 -
  [01:08:04] /health — "GET /health HTTP/1.1" 200 -
  [01:13:08] /health — "GET /health HTTP/1.1" 200 -
  [01:18:13] /health — "GET /health HTTP/1.1" 200 -
  [01:23:22] /health — "GET /health HTTP/1.1" 200 -
  [01:28:30] /health — "GET /health HTTP/1.1" 200 -
  [01:33:34] /health — "GET /health HTTP/1.1" 200 -
  [01:38:39] /health — "GET /health HTTP/1.1" 200 -
  [01:43:43] /health — "GET /health HTTP/1.1" 200 -
  [01:48:48] /health — "GET /health HTTP/1.1" 200 -
  [01:53:52] /health — "GET /health HTTP/1.1" 200 -
  [01:58:56] /health — "GET /health HTTP/1.1" 200 -
  [02:04:01] /health — "GET /health HTTP/1.1" 200 -
  [02:09:05] /health — "GET /health HTTP/1.1" 200 -
  [02:14:09] /health — "GET /health HTTP/1.1" 200 -
  [02:19:14] /health — "GET /health HTTP/1.1" 200 -
  [02:24:18] /health — "GET /health HTTP/1.1" 200 -
  [02:29:23] /health — "GET /health HTTP/1.1" 200 -
  [02:34:27] /health — "GET /health HTTP/1.1" 200 -
  [02:39:31] /health — "GET /health HTTP/1.1" 200 -
  [02:44:36] /health — "GET /health HTTP/1.1" 200 -
  [02:49:40] /health — "GET /health HTTP/1.1" 200 -
  [02:54:45] /health — "GET /health HTTP/1.1" 200 -
  [02:59:49] /health — "GET /health HTTP/1.1" 200 -
  [03:04:53] /health — "GET /health HTTP/1.1" 200 -
  [03:09:58] /health — "GET /health HTTP/1.1" 200 -