----------------------------------------
Exception occurred during processing of request from ('127.0.0.1', 62346)
Traceback (most recent call last):
  File "C:\Python313\Lib\socketserver.py", line 318, in _handle_request_noblock
    self.process_request(request, client_address)
    ~~~~~~~~~~~~~~~~~~~~^^^^^^^^^^^^^^^^^^^^^^^^^
  File "C:\Python313\Lib\socketserver.py", line 349, in process_request
    self.finish_request(request, client_address)
    ~~~~~~~~~~~~~~~~~~~^^^^^^^^^^^^^^^^^^^^^^^^^
  File "C:\Python313\Lib\socketserver.py", line 362, in finish_request
    self.RequestHandlerClass(request, client_address, self)
    ~~~~~~~~~~~~~~~~~~~~~~~~^^^^^^^^^^^^^^^^^^^^^^^^^^^^^^^
  File "C:\Python313\Lib\socketserver.py", line 766, in __init__
    self.handle()
    ~~~~~~~~~~~^^
  File "C:\Python313\Lib\http\server.py", line 436, in handle
    self.handle_one_request()
    ~~~~~~~~~~~~~~~~~~~~~~~^^
  File "C:\Python313\Lib\http\server.py", line 404, in handle_one_request
    self.raw_requestline = self.rfile.readline(65537)
                           ~~~~~~~~~~~~~~~~~~~^^^^^^^
  File "C:\Python313\Lib\socket.py", line 719, in readinto
    return self._sock.recv_into(b)
           ~~~~~~~~~~~~~~~~~~~~^^^
ConnectionResetError: [WinError 10054] An existing connection was forcibly closed by the remote host
----------------------------------------
--- Logging error ---
Traceback (most recent call last):
  File "C:\Python313\Lib\logging\__init__.py", line 1153, in emit
    stream.write(msg + self.terminator)
    ~~~~~~~~~~~~^^^^^^^^^^^^^^^^^^^^^^^
  File "C:\Python313\Lib\encodings\cp1252.py", line 19, in encode
    return codecs.charmap_encode(input,self.errors,encoding_table)[0]
           ~~~~~~~~~~~~~~~~~~~~~^^^^^^^^^^^^^^^^^^^^^^^^^^^^^^^^^^
UnicodeEncodeError: 'charmap' codec can't encode characters in position 39-98: character maps to <undefined>
Call stack:
  File "F:\Projects-cmodi.000\book_writer_ai_toolkit\output\nephilim_chronicles\utility_server.py", line 248, in <module>
    server.serve_forever()
  File "C:\Python313\Lib\socketserver.py", line 240, in serve_forever
    self._handle_request_noblock()
  File "C:\Python313\Lib\socketserver.py", line 318, in _handle_request_noblock
    self.process_request(request, client_address)
  File "C:\Python313\Lib\socketserver.py", line 349, in process_request
    self.finish_request(request, client_address)
  File "C:\Python313\Lib\socketserver.py", line 362, in finish_request
    self.RequestHandlerClass(request, client_address, self)
  File "C:\Python313\Lib\socketserver.py", line 766, in __init__
    self.handle()
  File "C:\Python313\Lib\http\server.py", line 436, in handle
    self.handle_one_request()
  File "C:\Python313\Lib\http\server.py", line 424, in handle_one_request
    method()
  File "F:\Projects-cmodi.000\book_writer_ai_toolkit\output\nephilim_chronicles\utility_server.py", line 233, in do_POST
    handle_cross_book_audit(self, body)
  File "F:\Projects-cmodi.000\book_writer_ai_toolkit\output\nephilim_chronicles\utility_server.py", line 189, in handle_cross_book_audit
    result = cross_book_audit.run_audit(
  File "F:\Projects-cmodi.000\book_writer_ai_toolkit\output\nephilim_chronicles\cross_book_audit.py", line 344, in run_audit
    logger.info("\u2550" * 60)
Message: '\u2550\u2550\u2550\u2550\u2550\u2550\u2550\u2550\u2550\u2550\u2550\u2550\u2550\u2550\u2550\u2550\u2550\u2550\u2550\u2550\u2550\u2550\u2550\u2550\u2550\u2550\u2550\u2550\u2550\u2550\u2550\u2550\u2550\u2550\u2550\u2550\u2550\u2550\u2550\u2550\u2550\u2550\u2550\u2550\u2550\u2550\u2550\u2550\u2550\u2550\u2550\u2550\u2550\u2550\u2550\u2550\u2550\u2550\u2550\u2550'
Arguments: ()
--- Logging error ---
Traceback (most recent call last):
  File "C:\Python313\Lib\logging\__init__.py", line 1153, in emit
    stream.write(msg + self.terminator)
    ~~~~~~~~~~~~^^^^^^^^^^^^^^^^^^^^^^^
  File "C:\Python313\Lib\encodings\cp1252.py", line 19, in encode
    return codecs.charmap_encode(input,self.errors,encoding_table)[0]
           ~~~~~~~~~~~~~~~~~~~~~^^^^^^^^^^^^^^^^^^^^^^^^^^^^^^^^^^
UnicodeEncodeError: 'charmap' codec can't encode characters in position 39-98: character maps to <undefined>
Call stack:
  File "F:\Projects-cmodi.000\book_writer_ai_toolkit\output\nephilim_chronicles\utility_server.py", line 248, in <module>
    server.serve_forever()
  File "C:\Python313\Lib\socketserver.py", line 240, in serve_forever
    self._handle_request_noblock()
  File "C:\Python313\Lib\socketserver.py", line 318, in _handle_request_noblock
    self.process_request(request, client_address)
  File "C:\Python313\Lib\socketserver.py", line 349, in process_request
    self.finish_request(request, client_address)
  File "C:\Python313\Lib\socketserver.py", line 362, in finish_request
    self.RequestHandlerClass(request, client_address, self)
  File "C:\Python313\Lib\socketserver.py", line 766, in __init__
    self.handle()
  File "C:\Python313\Lib\http\server.py", line 436, in handle
    self.handle_one_request()
  File "C:\Python313\Lib\http\server.py", line 424, in handle_one_request
    method()
  File "F:\Projects-cmodi.000\book_writer_ai_toolkit\output\nephilim_chronicles\utility_server.py", line 233, in do_POST
    handle_cross_book_audit(self, body)
  File "F:\Projects-cmodi.000\book_writer_ai_toolkit\output\nephilim_chronicles\utility_server.py", line 189, in handle_cross_book_audit
    result = cross_book_audit.run_audit(
  File "F:\Projects-cmodi.000\book_writer_ai_toolkit\output\nephilim_chronicles\cross_book_audit.py", line 347, in run_audit
    logger.info("\u2550" * 60)
Message: '\u2550\u2550\u2550\u2550\u2550\u2550\u2550\u2550\u2550\u2550\u2550\u2550\u2550\u2550\u2550\u2550\u2550\u2550\u2550\u2550\u2550\u2550\u2550\u2550\u2550\u2550\u2550\u2550\u2550\u2550\u2550\u2550\u2550\u2550\u2550\u2550\u2550\u2550\u2550\u2550\u2550\u2550\u2550\u2550\u2550\u2550\u2550\u2550\u2550\u2550\u2550\u2550\u2550\u2550\u2550\u2550\u2550\u2550\u2550\u2550'
Arguments: ()
--- Logging error ---
Traceback (most recent call last):
  File "C:\Python313\Lib\logging\__init__.py", line 1153, in emit
    stream.write(msg + self.terminator)
    ~~~~~~~~~~~~^^^^^^^^^^^^^^^^^^^^^^^
  File "C:\Python313\Lib\encodings\cp1252.py", line 19, in encode
    return codecs.charmap_encode(input,self.errors,encoding_table)[0]
           ~~~~~~~~~~~~~~~~~~~~~^^^^^^^^^^^^^^^^^^^^^^^^^^^^^^^^^^
UnicodeEncodeError: 'charmap' codec can't encode characters in position 39-98: character maps to <undefined>
Call stack:
  File "F:\Projects-cmodi.000\book_writer_ai_toolkit\output\nephilim_chronicles\utility_server.py", line 248, in <module>
    server.serve_forever()
  File "C:\Python313\Lib\socketserver.py", line 240, in serve_forever
    self._handle_request_noblock()
  File "C:\Python313\Lib\socketserver.py", line 318, in _handle_request_noblock
    self.process_request(request, client_address)
  File "C:\Python313\Lib\socketserver.py", line 349, in process_request
    self.finish_request(request, client_address)
  File "C:\Python313\Lib\socketserver.py", line 362, in finish_request
    self.RequestHandlerClass(request, client_address, self)
  File "C:\Python313\Lib\socketserver.py", line 766, in __init__
    self.handle()
  File "C:\Python313\Lib\http\server.py", line 436, in handle
    self.handle_one_request()
  File "C:\Python313\Lib\http\server.py", line 424, in handle_one_request
    method()
  File "F:\Projects-cmodi.000\book_writer_ai_toolkit\output\nephilim_chronicles\utility_server.py", line 233, in do_POST
    handle_cross_book_audit(self, body)
  File "F:\Projects-cmodi.000\book_writer_ai_toolkit\output\nephilim_chronicles\utility_server.py", line 189, in handle_cross_book_audit
    result = cross_book_audit.run_audit(
  File "F:\Projects-cmodi.000\book_writer_ai_toolkit\output\nephilim_chronicles\cross_book_audit.py", line 344, in run_audit
    logger.info("\u2550" * 60)
Message: '\u2550\u2550\u2550\u2550\u2550\u2550\u2550\u2550\u2550\u2550\u2550\u2550\u2550\u2550\u2550\u2550\u2550\u2550\u2550\u2550\u2550\u2550\u2550\u2550\u2550\u2550\u2550\u2550\u2550\u2550\u2550\u2550\u2550\u2550\u2550\u2550\u2550\u2550\u2550\u2550\u2550\u2550\u2550\u2550\u2550\u2550\u2550\u2550\u2550\u2550\u2550\u2550\u2550\u2550\u2550\u2550\u2550\u2550\u2550\u2550'
Arguments: ()
--- Logging error ---
Traceback (most recent call last):
  File "C:\Python313\Lib\logging\__init__.py", line 1153, in emit
    stream.write(msg + self.terminator)
    ~~~~~~~~~~~~^^^^^^^^^^^^^^^^^^^^^^^
  File "C:\Python313\Lib\encodings\cp1252.py", line 19, in encode
    return codecs.charmap_encode(input,self.errors,encoding_table)[0]
           ~~~~~~~~~~~~~~~~~~~~~^^^^^^^^^^^^^^^^^^^^^^^^^^^^^^^^^^
UnicodeEncodeError: 'charmap' codec can't encode characters in position 39-98: character maps to <undefined>
Call stack:
  File "F:\Projects-cmodi.000\book_writer_ai_toolkit\output\nephilim_chronicles\utility_server.py", line 248, in <module>
    server.serve_forever()
  File "C:\Python313\Lib\socketserver.py", line 240, in serve_forever
    self._handle_request_noblock()
  File "C:\Python313\Lib\socketserver.py", line 318, in _handle_request_noblock
    self.process_request(request, client_address)
  File "C:\Python313\Lib\socketserver.py", line 349, in process_request
    self.finish_request(request, client_address)
  File "C:\Python313\Lib\socketserver.py", line 362, in finish_request
    self.RequestHandlerClass(request, client_address, self)
  File "C:\Python313\Lib\socketserver.py", line 766, in __init__
    self.handle()
  File "C:\Python313\Lib\http\server.py", line 436, in handle
    self.handle_one_request()
  File "C:\Python313\Lib\http\server.py", line 424, in handle_one_request
    method()
  File "F:\Projects-cmodi.000\book_writer_ai_toolkit\output\nephilim_chronicles\utility_server.py", line 233, in do_POST
    handle_cross_book_audit(self, body)
  File "F:\Projects-cmodi.000\book_writer_ai_toolkit\output\nephilim_chronicles\utility_server.py", line 189, in handle_cross_book_audit
    result = cross_book_audit.run_audit(
  File "F:\Projects-cmodi.000\book_writer_ai_toolkit\output\nephilim_chronicles\cross_book_audit.py", line 347, in run_audit
    logger.info("\u2550" * 60)
Message: '\u2550\u2550\u2550\u2550\u2550\u2550\u2550\u2550\u2550\u2550\u2550\u2550\u2550\u2550\u2550\u2550\u2550\u2550\u2550\u2550\u2550\u2550\u2550\u2550\u2550\u2550\u2550\u2550\u2550\u2550\u2550\u2550\u2550\u2550\u2550\u2550\u2550\u2550\u2550\u2550\u2550\u2550\u2550\u2550\u2550\u2550\u2550\u2550\u2550\u2550\u2550\u2550\u2550\u2550\u2550\u2550\u2550\u2550\u2550\u2550'
Arguments: ()
